{
 "cells": [
  {
   "cell_type": "code",
   "execution_count": 47,
   "metadata": {},
   "outputs": [],
   "source": [
    "%reload_ext sql"
   ]
  },
  {
   "cell_type": "code",
   "execution_count": 48,
   "metadata": {},
   "outputs": [
    {
     "data": {
      "text/plain": [
       "'Connected: appdev@appdev'"
      ]
     },
     "execution_count": 48,
     "metadata": {},
     "output_type": "execute_result"
    }
   ],
   "source": [
    "%sql postgresql://appdev@data/appdev"
   ]
  },
  {
   "cell_type": "markdown",
   "metadata": {},
   "source": [
    "# Materialized Joins"
   ]
  },
  {
   "cell_type": "markdown",
   "metadata": {},
   "source": [
    "#### 1. On the table \"circuits\" report:"
   ]
  },
  {
   "cell_type": "code",
   "execution_count": 49,
   "metadata": {},
   "outputs": [
    {
     "name": "stdout",
     "output_type": "stream",
     "text": [
      "10 rows affected.\n"
     ]
    },
    {
     "data": {
      "text/html": [
       "<table>\n",
       "    <tr>\n",
       "        <th>circuitid</th>\n",
       "        <th>circuitref</th>\n",
       "        <th>name</th>\n",
       "        <th>location</th>\n",
       "        <th>country</th>\n",
       "        <th>lat</th>\n",
       "        <th>lng</th>\n",
       "        <th>alt</th>\n",
       "        <th>url</th>\n",
       "        <th>position</th>\n",
       "    </tr>\n",
       "    <tr>\n",
       "        <td>1</td>\n",
       "        <td>albert_park</td>\n",
       "        <td>Albert Park Grand Prix Circuit</td>\n",
       "        <td>Melbourne</td>\n",
       "        <td>Australia</td>\n",
       "        <td>-37.8497</td>\n",
       "        <td>144.968</td>\n",
       "        <td>10</td>\n",
       "        <td>http://en.wikipedia.org/wiki/Melbourne_Grand_Prix_Circuit</td>\n",
       "        <td>(144.968,-37.8497)</td>\n",
       "    </tr>\n",
       "    <tr>\n",
       "        <td>2</td>\n",
       "        <td>sepang</td>\n",
       "        <td>Sepang International Circuit</td>\n",
       "        <td>Kuala Lumpur</td>\n",
       "        <td>Malaysia</td>\n",
       "        <td>2.76083</td>\n",
       "        <td>101.738</td>\n",
       "        <td>None</td>\n",
       "        <td>http://en.wikipedia.org/wiki/Sepang_International_Circuit</td>\n",
       "        <td>(101.738,2.76083)</td>\n",
       "    </tr>\n",
       "    <tr>\n",
       "        <td>3</td>\n",
       "        <td>bahrain</td>\n",
       "        <td>Bahrain International Circuit</td>\n",
       "        <td>Sakhir</td>\n",
       "        <td>Bahrain</td>\n",
       "        <td>26.0325</td>\n",
       "        <td>50.5106</td>\n",
       "        <td>None</td>\n",
       "        <td>http://en.wikipedia.org/wiki/Bahrain_International_Circuit</td>\n",
       "        <td>(50.5106,26.0325)</td>\n",
       "    </tr>\n",
       "    <tr>\n",
       "        <td>4</td>\n",
       "        <td>catalunya</td>\n",
       "        <td>Circuit de Barcelona-Catalunya</td>\n",
       "        <td>Montmeló</td>\n",
       "        <td>Spain</td>\n",
       "        <td>41.57</td>\n",
       "        <td>2.26111</td>\n",
       "        <td>None</td>\n",
       "        <td>http://en.wikipedia.org/wiki/Circuit_de_Barcelona-Catalunya</td>\n",
       "        <td>(2.26111,41.57)</td>\n",
       "    </tr>\n",
       "    <tr>\n",
       "        <td>5</td>\n",
       "        <td>istanbul</td>\n",
       "        <td>Istanbul Park</td>\n",
       "        <td>Istanbul</td>\n",
       "        <td>Turkey</td>\n",
       "        <td>40.9517</td>\n",
       "        <td>29.405</td>\n",
       "        <td>None</td>\n",
       "        <td>http://en.wikipedia.org/wiki/Istanbul_Park</td>\n",
       "        <td>(29.405,40.9517)</td>\n",
       "    </tr>\n",
       "    <tr>\n",
       "        <td>6</td>\n",
       "        <td>monaco</td>\n",
       "        <td>Circuit de Monaco</td>\n",
       "        <td>Monte-Carlo</td>\n",
       "        <td>Monaco</td>\n",
       "        <td>43.7347</td>\n",
       "        <td>7.42056</td>\n",
       "        <td>None</td>\n",
       "        <td>http://en.wikipedia.org/wiki/Circuit_de_Monaco</td>\n",
       "        <td>(7.42056,43.7347)</td>\n",
       "    </tr>\n",
       "    <tr>\n",
       "        <td>7</td>\n",
       "        <td>villeneuve</td>\n",
       "        <td>Circuit Gilles Villeneuve</td>\n",
       "        <td>Montreal</td>\n",
       "        <td>Canada</td>\n",
       "        <td>45.5</td>\n",
       "        <td>-73.5228</td>\n",
       "        <td>None</td>\n",
       "        <td>http://en.wikipedia.org/wiki/Circuit_Gilles_Villeneuve</td>\n",
       "        <td>(-73.5228,45.5)</td>\n",
       "    </tr>\n",
       "    <tr>\n",
       "        <td>8</td>\n",
       "        <td>magny_cours</td>\n",
       "        <td>Circuit de Nevers Magny-Cours</td>\n",
       "        <td>Magny Cours</td>\n",
       "        <td>France</td>\n",
       "        <td>46.8642</td>\n",
       "        <td>3.16361</td>\n",
       "        <td>None</td>\n",
       "        <td>http://en.wikipedia.org/wiki/Circuit_de_Nevers_Magny-Cours</td>\n",
       "        <td>(3.16361,46.8642)</td>\n",
       "    </tr>\n",
       "    <tr>\n",
       "        <td>9</td>\n",
       "        <td>silverstone</td>\n",
       "        <td>Silverstone Circuit</td>\n",
       "        <td>Silverstone</td>\n",
       "        <td>UK</td>\n",
       "        <td>52.0786</td>\n",
       "        <td>-1.01694</td>\n",
       "        <td>None</td>\n",
       "        <td>http://en.wikipedia.org/wiki/Silverstone_Circuit</td>\n",
       "        <td>(-1.01694,52.0786)</td>\n",
       "    </tr>\n",
       "    <tr>\n",
       "        <td>10</td>\n",
       "        <td>hockenheimring</td>\n",
       "        <td>Hockenheimring</td>\n",
       "        <td>Hockenheim</td>\n",
       "        <td>Germany</td>\n",
       "        <td>49.3278</td>\n",
       "        <td>8.56583</td>\n",
       "        <td>None</td>\n",
       "        <td>http://en.wikipedia.org/wiki/Hockenheimring</td>\n",
       "        <td>(8.56583,49.3278)</td>\n",
       "    </tr>\n",
       "</table>"
      ],
      "text/plain": [
       "[(1, 'albert_park', 'Albert Park Grand Prix Circuit', 'Melbourne', 'Australia', -37.8497, 144.968, 10, 'http://en.wikipedia.org/wiki/Melbourne_Grand_Prix_Circuit', '(144.968,-37.8497)'),\n",
       " (2, 'sepang', 'Sepang International Circuit', 'Kuala Lumpur', 'Malaysia', 2.76083, 101.738, None, 'http://en.wikipedia.org/wiki/Sepang_International_Circuit', '(101.738,2.76083)'),\n",
       " (3, 'bahrain', 'Bahrain International Circuit', 'Sakhir', 'Bahrain', 26.0325, 50.5106, None, 'http://en.wikipedia.org/wiki/Bahrain_International_Circuit', '(50.5106,26.0325)'),\n",
       " (4, 'catalunya', 'Circuit de Barcelona-Catalunya', 'Montmeló', 'Spain', 41.57, 2.26111, None, 'http://en.wikipedia.org/wiki/Circuit_de_Barcelona-Catalunya', '(2.26111,41.57)'),\n",
       " (5, 'istanbul', 'Istanbul Park', 'Istanbul', 'Turkey', 40.9517, 29.405, None, 'http://en.wikipedia.org/wiki/Istanbul_Park', '(29.405,40.9517)'),\n",
       " (6, 'monaco', 'Circuit de Monaco', 'Monte-Carlo', 'Monaco', 43.7347, 7.42056, None, 'http://en.wikipedia.org/wiki/Circuit_de_Monaco', '(7.42056,43.7347)'),\n",
       " (7, 'villeneuve', 'Circuit Gilles Villeneuve', 'Montreal', 'Canada', 45.5, -73.5228, None, 'http://en.wikipedia.org/wiki/Circuit_Gilles_Villeneuve', '(-73.5228,45.5)'),\n",
       " (8, 'magny_cours', 'Circuit de Nevers Magny-Cours', 'Magny Cours', 'France', 46.8642, 3.16361, None, 'http://en.wikipedia.org/wiki/Circuit_de_Nevers_Magny-Cours', '(3.16361,46.8642)'),\n",
       " (9, 'silverstone', 'Silverstone Circuit', 'Silverstone', 'UK', 52.0786, -1.01694, None, 'http://en.wikipedia.org/wiki/Silverstone_Circuit', '(-1.01694,52.0786)'),\n",
       " (10, 'hockenheimring', 'Hockenheimring', 'Hockenheim', 'Germany', 49.3278, 8.56583, None, 'http://en.wikipedia.org/wiki/Hockenheimring', '(8.56583,49.3278)')]"
      ]
     },
     "execution_count": 49,
     "metadata": {},
     "output_type": "execute_result"
    }
   ],
   "source": [
    "%sql SELECT * FROM circuits LIMIT 10;"
   ]
  },
  {
   "cell_type": "code",
   "execution_count": 50,
   "metadata": {},
   "outputs": [
    {
     "name": "stdout",
     "output_type": "stream",
     "text": [
      "3 rows affected.\n"
     ]
    },
    {
     "data": {
      "text/html": [
       "<table>\n",
       "    <tr>\n",
       "        <th>schemaname</th>\n",
       "        <th>tablename</th>\n",
       "        <th>indexname</th>\n",
       "        <th>tablespace</th>\n",
       "        <th>indexdef</th>\n",
       "    </tr>\n",
       "    <tr>\n",
       "        <td>f1db</td>\n",
       "        <td>circuits</td>\n",
       "        <td>idx_17102_url</td>\n",
       "        <td>None</td>\n",
       "        <td>CREATE UNIQUE INDEX idx_17102_url ON circuits USING btree (url)</td>\n",
       "    </tr>\n",
       "    <tr>\n",
       "        <td>f1db</td>\n",
       "        <td>circuits</td>\n",
       "        <td>circuits_position_idx</td>\n",
       "        <td>None</td>\n",
       "        <td>CREATE INDEX circuits_position_idx ON circuits USING gist (&quot;position&quot;)</td>\n",
       "    </tr>\n",
       "    <tr>\n",
       "        <td>f1db</td>\n",
       "        <td>circuits</td>\n",
       "        <td>idx_17102_primary</td>\n",
       "        <td>None</td>\n",
       "        <td>CREATE UNIQUE INDEX idx_17102_primary ON circuits USING btree (circuitid)</td>\n",
       "    </tr>\n",
       "</table>"
      ],
      "text/plain": [
       "[('f1db', 'circuits', 'idx_17102_url', None, 'CREATE UNIQUE INDEX idx_17102_url ON circuits USING btree (url)'),\n",
       " ('f1db', 'circuits', 'circuits_position_idx', None, 'CREATE INDEX circuits_position_idx ON circuits USING gist (\"position\")'),\n",
       " ('f1db', 'circuits', 'idx_17102_primary', None, 'CREATE UNIQUE INDEX idx_17102_primary ON circuits USING btree (circuitid)')]"
      ]
     },
     "execution_count": 50,
     "metadata": {},
     "output_type": "execute_result"
    }
   ],
   "source": [
    "%sql select * from pg_indexes where tablename = 'circuits';"
   ]
  },
  {
   "cell_type": "markdown",
   "metadata": {},
   "source": [
    "- What type of indices exists for the table and why they are of that type (and not some other type)\n",
    "\n",
    "\n",
    "idx_17102_url index is of btree (url)\n",
    "\n",
    "BTREE is the default index type for most storage engines. The general idea of a B-Tree is that all the values are stored in order, and each leaf page is the same distance from the root. B Tree index speeds up the data access because storage engine don't have to scan the whole table instead it will start from root node.\n",
    "\n",
    "circuits_position_idx index is of gist (\"position\")\n",
    "\n",
    "GIST allows to generalise the search structures, so we can build indexes on type we choose. In this case GIST index is with <key, pointer> pairs using position instead of integers (like in B-trees).\n",
    "\n",
    "idx_17102_primary index is of btree (circuitid)\n",
    "\n",
    "In this case index is of BTREE on circuitid column.\n",
    "\n",
    "- The amount of space each index takes up"
   ]
  },
  {
   "cell_type": "code",
   "execution_count": 51,
   "metadata": {},
   "outputs": [
    {
     "name": "stdout",
     "output_type": "stream",
     "text": [
      "1 rows affected.\n"
     ]
    },
    {
     "data": {
      "text/html": [
       "<table>\n",
       "    <tr>\n",
       "        <th>pg_size_pretty</th>\n",
       "    </tr>\n",
       "    <tr>\n",
       "        <td>16 kB</td>\n",
       "    </tr>\n",
       "</table>"
      ],
      "text/plain": [
       "[('16 kB',)]"
      ]
     },
     "execution_count": 51,
     "metadata": {},
     "output_type": "execute_result"
    }
   ],
   "source": [
    "%sql select pg_size_pretty(pg_relation_size('idx_17102_url'));"
   ]
  },
  {
   "cell_type": "code",
   "execution_count": 52,
   "metadata": {},
   "outputs": [
    {
     "name": "stdout",
     "output_type": "stream",
     "text": [
      "1 rows affected.\n"
     ]
    },
    {
     "data": {
      "text/html": [
       "<table>\n",
       "    <tr>\n",
       "        <th>pg_size_pretty</th>\n",
       "    </tr>\n",
       "    <tr>\n",
       "        <td>8192 bytes</td>\n",
       "    </tr>\n",
       "</table>"
      ],
      "text/plain": [
       "[('8192 bytes',)]"
      ]
     },
     "execution_count": 52,
     "metadata": {},
     "output_type": "execute_result"
    }
   ],
   "source": [
    "%sql select pg_size_pretty(pg_relation_size('circuits_position_idx'));"
   ]
  },
  {
   "cell_type": "code",
   "execution_count": 53,
   "metadata": {},
   "outputs": [
    {
     "name": "stdout",
     "output_type": "stream",
     "text": [
      "1 rows affected.\n"
     ]
    },
    {
     "data": {
      "text/html": [
       "<table>\n",
       "    <tr>\n",
       "        <th>pg_size_pretty</th>\n",
       "    </tr>\n",
       "    <tr>\n",
       "        <td>16 kB</td>\n",
       "    </tr>\n",
       "</table>"
      ],
      "text/plain": [
       "[('16 kB',)]"
      ]
     },
     "execution_count": 53,
     "metadata": {},
     "output_type": "execute_result"
    }
   ],
   "source": [
    "\n",
    "\n",
    "%sql select pg_size_pretty(pg_relation_size('idx_17102_primary'));\n",
    "\n"
   ]
  },
  {
   "cell_type": "markdown",
   "metadata": {},
   "source": [
    "# The winner of all the races, but only if they are younger than 38 years."
   ]
  },
  {
   "cell_type": "code",
   "execution_count": 54,
   "metadata": {},
   "outputs": [
    {
     "name": "stdout",
     "output_type": "stream",
     "text": [
      "13 rows affected.\n"
     ]
    },
    {
     "data": {
      "text/html": [
       "<table>\n",
       "    <tr>\n",
       "        <th>table_catalog</th>\n",
       "        <th>table_schema</th>\n",
       "        <th>table_name</th>\n",
       "        <th>table_type</th>\n",
       "        <th>self_referencing_column_name</th>\n",
       "        <th>reference_generation</th>\n",
       "        <th>user_defined_type_catalog</th>\n",
       "        <th>user_defined_type_schema</th>\n",
       "        <th>user_defined_type_name</th>\n",
       "        <th>is_insertable_into</th>\n",
       "        <th>is_typed</th>\n",
       "        <th>commit_action</th>\n",
       "    </tr>\n",
       "    <tr>\n",
       "        <td>appdev</td>\n",
       "        <td>f1db</td>\n",
       "        <td>circuits</td>\n",
       "        <td>BASE TABLE</td>\n",
       "        <td>None</td>\n",
       "        <td>None</td>\n",
       "        <td>None</td>\n",
       "        <td>None</td>\n",
       "        <td>None</td>\n",
       "        <td>YES</td>\n",
       "        <td>NO</td>\n",
       "        <td>None</td>\n",
       "    </tr>\n",
       "    <tr>\n",
       "        <td>appdev</td>\n",
       "        <td>f1db</td>\n",
       "        <td>constructorresults</td>\n",
       "        <td>BASE TABLE</td>\n",
       "        <td>None</td>\n",
       "        <td>None</td>\n",
       "        <td>None</td>\n",
       "        <td>None</td>\n",
       "        <td>None</td>\n",
       "        <td>YES</td>\n",
       "        <td>NO</td>\n",
       "        <td>None</td>\n",
       "    </tr>\n",
       "    <tr>\n",
       "        <td>appdev</td>\n",
       "        <td>f1db</td>\n",
       "        <td>constructors</td>\n",
       "        <td>BASE TABLE</td>\n",
       "        <td>None</td>\n",
       "        <td>None</td>\n",
       "        <td>None</td>\n",
       "        <td>None</td>\n",
       "        <td>None</td>\n",
       "        <td>YES</td>\n",
       "        <td>NO</td>\n",
       "        <td>None</td>\n",
       "    </tr>\n",
       "    <tr>\n",
       "        <td>appdev</td>\n",
       "        <td>f1db</td>\n",
       "        <td>constructorstandings</td>\n",
       "        <td>BASE TABLE</td>\n",
       "        <td>None</td>\n",
       "        <td>None</td>\n",
       "        <td>None</td>\n",
       "        <td>None</td>\n",
       "        <td>None</td>\n",
       "        <td>YES</td>\n",
       "        <td>NO</td>\n",
       "        <td>None</td>\n",
       "    </tr>\n",
       "    <tr>\n",
       "        <td>appdev</td>\n",
       "        <td>f1db</td>\n",
       "        <td>drivers</td>\n",
       "        <td>BASE TABLE</td>\n",
       "        <td>None</td>\n",
       "        <td>None</td>\n",
       "        <td>None</td>\n",
       "        <td>None</td>\n",
       "        <td>None</td>\n",
       "        <td>YES</td>\n",
       "        <td>NO</td>\n",
       "        <td>None</td>\n",
       "    </tr>\n",
       "    <tr>\n",
       "        <td>appdev</td>\n",
       "        <td>f1db</td>\n",
       "        <td>driverstandings</td>\n",
       "        <td>BASE TABLE</td>\n",
       "        <td>None</td>\n",
       "        <td>None</td>\n",
       "        <td>None</td>\n",
       "        <td>None</td>\n",
       "        <td>None</td>\n",
       "        <td>YES</td>\n",
       "        <td>NO</td>\n",
       "        <td>None</td>\n",
       "    </tr>\n",
       "    <tr>\n",
       "        <td>appdev</td>\n",
       "        <td>f1db</td>\n",
       "        <td>laptimes</td>\n",
       "        <td>BASE TABLE</td>\n",
       "        <td>None</td>\n",
       "        <td>None</td>\n",
       "        <td>None</td>\n",
       "        <td>None</td>\n",
       "        <td>None</td>\n",
       "        <td>YES</td>\n",
       "        <td>NO</td>\n",
       "        <td>None</td>\n",
       "    </tr>\n",
       "    <tr>\n",
       "        <td>appdev</td>\n",
       "        <td>f1db</td>\n",
       "        <td>pitstops</td>\n",
       "        <td>BASE TABLE</td>\n",
       "        <td>None</td>\n",
       "        <td>None</td>\n",
       "        <td>None</td>\n",
       "        <td>None</td>\n",
       "        <td>None</td>\n",
       "        <td>YES</td>\n",
       "        <td>NO</td>\n",
       "        <td>None</td>\n",
       "    </tr>\n",
       "    <tr>\n",
       "        <td>appdev</td>\n",
       "        <td>f1db</td>\n",
       "        <td>qualifying</td>\n",
       "        <td>BASE TABLE</td>\n",
       "        <td>None</td>\n",
       "        <td>None</td>\n",
       "        <td>None</td>\n",
       "        <td>None</td>\n",
       "        <td>None</td>\n",
       "        <td>YES</td>\n",
       "        <td>NO</td>\n",
       "        <td>None</td>\n",
       "    </tr>\n",
       "    <tr>\n",
       "        <td>appdev</td>\n",
       "        <td>f1db</td>\n",
       "        <td>races</td>\n",
       "        <td>BASE TABLE</td>\n",
       "        <td>None</td>\n",
       "        <td>None</td>\n",
       "        <td>None</td>\n",
       "        <td>None</td>\n",
       "        <td>None</td>\n",
       "        <td>YES</td>\n",
       "        <td>NO</td>\n",
       "        <td>None</td>\n",
       "    </tr>\n",
       "    <tr>\n",
       "        <td>appdev</td>\n",
       "        <td>f1db</td>\n",
       "        <td>results</td>\n",
       "        <td>BASE TABLE</td>\n",
       "        <td>None</td>\n",
       "        <td>None</td>\n",
       "        <td>None</td>\n",
       "        <td>None</td>\n",
       "        <td>None</td>\n",
       "        <td>YES</td>\n",
       "        <td>NO</td>\n",
       "        <td>None</td>\n",
       "    </tr>\n",
       "    <tr>\n",
       "        <td>appdev</td>\n",
       "        <td>f1db</td>\n",
       "        <td>seasons</td>\n",
       "        <td>BASE TABLE</td>\n",
       "        <td>None</td>\n",
       "        <td>None</td>\n",
       "        <td>None</td>\n",
       "        <td>None</td>\n",
       "        <td>None</td>\n",
       "        <td>YES</td>\n",
       "        <td>NO</td>\n",
       "        <td>None</td>\n",
       "    </tr>\n",
       "    <tr>\n",
       "        <td>appdev</td>\n",
       "        <td>f1db</td>\n",
       "        <td>status</td>\n",
       "        <td>BASE TABLE</td>\n",
       "        <td>None</td>\n",
       "        <td>None</td>\n",
       "        <td>None</td>\n",
       "        <td>None</td>\n",
       "        <td>None</td>\n",
       "        <td>YES</td>\n",
       "        <td>NO</td>\n",
       "        <td>None</td>\n",
       "    </tr>\n",
       "</table>"
      ],
      "text/plain": [
       "[('appdev', 'f1db', 'circuits', 'BASE TABLE', None, None, None, None, None, 'YES', 'NO', None),\n",
       " ('appdev', 'f1db', 'constructorresults', 'BASE TABLE', None, None, None, None, None, 'YES', 'NO', None),\n",
       " ('appdev', 'f1db', 'constructors', 'BASE TABLE', None, None, None, None, None, 'YES', 'NO', None),\n",
       " ('appdev', 'f1db', 'constructorstandings', 'BASE TABLE', None, None, None, None, None, 'YES', 'NO', None),\n",
       " ('appdev', 'f1db', 'drivers', 'BASE TABLE', None, None, None, None, None, 'YES', 'NO', None),\n",
       " ('appdev', 'f1db', 'driverstandings', 'BASE TABLE', None, None, None, None, None, 'YES', 'NO', None),\n",
       " ('appdev', 'f1db', 'laptimes', 'BASE TABLE', None, None, None, None, None, 'YES', 'NO', None),\n",
       " ('appdev', 'f1db', 'pitstops', 'BASE TABLE', None, None, None, None, None, 'YES', 'NO', None),\n",
       " ('appdev', 'f1db', 'qualifying', 'BASE TABLE', None, None, None, None, None, 'YES', 'NO', None),\n",
       " ('appdev', 'f1db', 'races', 'BASE TABLE', None, None, None, None, None, 'YES', 'NO', None),\n",
       " ('appdev', 'f1db', 'results', 'BASE TABLE', None, None, None, None, None, 'YES', 'NO', None),\n",
       " ('appdev', 'f1db', 'seasons', 'BASE TABLE', None, None, None, None, None, 'YES', 'NO', None),\n",
       " ('appdev', 'f1db', 'status', 'BASE TABLE', None, None, None, None, None, 'YES', 'NO', None)]"
      ]
     },
     "execution_count": 54,
     "metadata": {},
     "output_type": "execute_result"
    }
   ],
   "source": [
    "%sql SELECT * FROM information_schema.tables WHERE table_schema = 'f1db';"
   ]
  },
  {
   "cell_type": "code",
   "execution_count": 65,
   "metadata": {},
   "outputs": [
    {
     "name": "stdout",
     "output_type": "stream",
     "text": [
      "25 rows affected.\n"
     ]
    },
    {
     "data": {
      "text/html": [
       "<table>\n",
       "    <tr>\n",
       "        <th>Race Date</th>\n",
       "        <th>Driver&#x27;s Surname</th>\n",
       "        <th>Driver&#x27;s Age</th>\n",
       "        <th>Track Time(ms)</th>\n",
       "        <th>Name</th>\n",
       "        <th>Circuit Name</th>\n",
       "    </tr>\n",
       "    <tr>\n",
       "        <td>2008-03-16</td>\n",
       "        <td>Kovalainen</td>\n",
       "        <td>36.0</td>\n",
       "        <td>04:30:00</td>\n",
       "        <td>Australian Grand Prix</td>\n",
       "        <td>Albert Park Grand Prix Circuit</td>\n",
       "    </tr>\n",
       "    <tr>\n",
       "        <td>2008-04-06</td>\n",
       "        <td>Kovalainen</td>\n",
       "        <td>36.0</td>\n",
       "        <td>11:30:00</td>\n",
       "        <td>Bahrain Grand Prix</td>\n",
       "        <td>Bahrain International Circuit</td>\n",
       "    </tr>\n",
       "    <tr>\n",
       "        <td>2008-08-24</td>\n",
       "        <td>Massa</td>\n",
       "        <td>36.0</td>\n",
       "        <td>12:00:00</td>\n",
       "        <td>European Grand Prix</td>\n",
       "        <td>Valencia Street Circuit</td>\n",
       "    </tr>\n",
       "    <tr>\n",
       "        <td>2008-10-12</td>\n",
       "        <td>Massa</td>\n",
       "        <td>36.0</td>\n",
       "        <td>04:30:00</td>\n",
       "        <td>Japanese Grand Prix</td>\n",
       "        <td>Fuji Speedway</td>\n",
       "    </tr>\n",
       "    <tr>\n",
       "        <td>2008-10-19</td>\n",
       "        <td>Hamilton</td>\n",
       "        <td>33.0</td>\n",
       "        <td>07:00:00</td>\n",
       "        <td>Chinese Grand Prix</td>\n",
       "        <td>Shanghai International Circuit</td>\n",
       "    </tr>\n",
       "    <tr>\n",
       "        <td>2008-11-02</td>\n",
       "        <td>Massa</td>\n",
       "        <td>36.0</td>\n",
       "        <td>17:00:00</td>\n",
       "        <td>Brazilian Grand Prix</td>\n",
       "        <td>Autódromo José Carlos Pace</td>\n",
       "    </tr>\n",
       "    <tr>\n",
       "        <td>2007-04-08</td>\n",
       "        <td>Hamilton</td>\n",
       "        <td>33.0</td>\n",
       "        <td>07:00:00</td>\n",
       "        <td>Malaysian Grand Prix</td>\n",
       "        <td>Sepang International Circuit</td>\n",
       "    </tr>\n",
       "    <tr>\n",
       "        <td>2007-04-15</td>\n",
       "        <td>Massa</td>\n",
       "        <td>36.0</td>\n",
       "        <td>11:30:00</td>\n",
       "        <td>Bahrain Grand Prix</td>\n",
       "        <td>Bahrain International Circuit</td>\n",
       "    </tr>\n",
       "    <tr>\n",
       "        <td>2007-05-13</td>\n",
       "        <td>Massa</td>\n",
       "        <td>36.0</td>\n",
       "        <td>12:00:00</td>\n",
       "        <td>Spanish Grand Prix</td>\n",
       "        <td>Circuit de Barcelona-Catalunya</td>\n",
       "    </tr>\n",
       "    <tr>\n",
       "        <td>2007-05-27</td>\n",
       "        <td>Alonso</td>\n",
       "        <td>36.0</td>\n",
       "        <td>12:00:00</td>\n",
       "        <td>Monaco Grand Prix</td>\n",
       "        <td>Circuit de Monaco</td>\n",
       "    </tr>\n",
       "    <tr>\n",
       "        <td>2007-06-10</td>\n",
       "        <td>Alonso</td>\n",
       "        <td>36.0</td>\n",
       "        <td>17:00:00</td>\n",
       "        <td>Canadian Grand Prix</td>\n",
       "        <td>Circuit Gilles Villeneuve</td>\n",
       "    </tr>\n",
       "    <tr>\n",
       "        <td>2007-07-01</td>\n",
       "        <td>Massa</td>\n",
       "        <td>36.0</td>\n",
       "        <td>12:00:00</td>\n",
       "        <td>French Grand Prix</td>\n",
       "        <td>Circuit de Nevers Magny-Cours</td>\n",
       "    </tr>\n",
       "    <tr>\n",
       "        <td>2007-07-22</td>\n",
       "        <td>Massa</td>\n",
       "        <td>36.0</td>\n",
       "        <td>12:00:00</td>\n",
       "        <td>European Grand Prix</td>\n",
       "        <td>Nürburgring</td>\n",
       "    </tr>\n",
       "    <tr>\n",
       "        <td>2007-09-09</td>\n",
       "        <td>Alonso</td>\n",
       "        <td>36.0</td>\n",
       "        <td>12:00:00</td>\n",
       "        <td>Italian Grand Prix</td>\n",
       "        <td>Autodromo Nazionale di Monza</td>\n",
       "    </tr>\n",
       "    <tr>\n",
       "        <td>2007-09-16</td>\n",
       "        <td>Massa</td>\n",
       "        <td>36.0</td>\n",
       "        <td>12:00:00</td>\n",
       "        <td>Belgian Grand Prix</td>\n",
       "        <td>Circuit de Spa-Francorchamps</td>\n",
       "    </tr>\n",
       "    <tr>\n",
       "        <td>2007-09-30</td>\n",
       "        <td>Hamilton</td>\n",
       "        <td>33.0</td>\n",
       "        <td>04:30:00</td>\n",
       "        <td>Japanese Grand Prix</td>\n",
       "        <td>Fuji Speedway</td>\n",
       "    </tr>\n",
       "    <tr>\n",
       "        <td>2007-10-07</td>\n",
       "        <td>Massa</td>\n",
       "        <td>36.0</td>\n",
       "        <td>06:00:00</td>\n",
       "        <td>Chinese Grand Prix</td>\n",
       "        <td>Shanghai International Circuit</td>\n",
       "    </tr>\n",
       "    <tr>\n",
       "        <td>2006-03-12</td>\n",
       "        <td>Rosberg</td>\n",
       "        <td>32.0</td>\n",
       "        <td>14:30:00</td>\n",
       "        <td>Bahrain Grand Prix</td>\n",
       "        <td>Bahrain International Circuit</td>\n",
       "    </tr>\n",
       "    <tr>\n",
       "        <td>2006-03-19</td>\n",
       "        <td>Alonso</td>\n",
       "        <td>36.0</td>\n",
       "        <td>15:00:00</td>\n",
       "        <td>Malaysian Grand Prix</td>\n",
       "        <td>Sepang International Circuit</td>\n",
       "    </tr>\n",
       "    <tr>\n",
       "        <td>2006-04-23</td>\n",
       "        <td>Alonso</td>\n",
       "        <td>36.0</td>\n",
       "        <td>14:00:00</td>\n",
       "        <td>San Marino Grand Prix</td>\n",
       "        <td>Autodromo Enzo e Dino Ferrari</td>\n",
       "    </tr>\n",
       "    <tr>\n",
       "        <td>2006-05-14</td>\n",
       "        <td>Massa</td>\n",
       "        <td>36.0</td>\n",
       "        <td>14:00:00</td>\n",
       "        <td>Spanish Grand Prix</td>\n",
       "        <td>Circuit de Barcelona-Catalunya</td>\n",
       "    </tr>\n",
       "    <tr>\n",
       "        <td>2006-06-11</td>\n",
       "        <td>Alonso</td>\n",
       "        <td>36.0</td>\n",
       "        <td>12:00:00</td>\n",
       "        <td>British Grand Prix</td>\n",
       "        <td>Silverstone Circuit</td>\n",
       "    </tr>\n",
       "    <tr>\n",
       "        <td>2006-08-06</td>\n",
       "        <td>Massa</td>\n",
       "        <td>36.0</td>\n",
       "        <td>14:00:00</td>\n",
       "        <td>Hungarian Grand Prix</td>\n",
       "        <td>Hungaroring</td>\n",
       "    </tr>\n",
       "    <tr>\n",
       "        <td>2006-10-01</td>\n",
       "        <td>Alonso</td>\n",
       "        <td>36.0</td>\n",
       "        <td>14:00:00</td>\n",
       "        <td>Chinese Grand Prix</td>\n",
       "        <td>Shanghai International Circuit</td>\n",
       "    </tr>\n",
       "    <tr>\n",
       "        <td>2006-10-08</td>\n",
       "        <td>Alonso</td>\n",
       "        <td>36.0</td>\n",
       "        <td>14:00:00</td>\n",
       "        <td>Japanese Grand Prix</td>\n",
       "        <td>Suzuka Circuit</td>\n",
       "    </tr>\n",
       "</table>"
      ],
      "text/plain": [
       "[(datetime.date(2008, 3, 16), 'Kovalainen', 36.0, datetime.time(4, 30), 'Australian Grand Prix', 'Albert Park Grand Prix Circuit'),\n",
       " (datetime.date(2008, 4, 6), 'Kovalainen', 36.0, datetime.time(11, 30), 'Bahrain Grand Prix', 'Bahrain International Circuit'),\n",
       " (datetime.date(2008, 8, 24), 'Massa', 36.0, datetime.time(12, 0), 'European Grand Prix', 'Valencia Street Circuit'),\n",
       " (datetime.date(2008, 10, 12), 'Massa', 36.0, datetime.time(4, 30), 'Japanese Grand Prix', 'Fuji Speedway'),\n",
       " (datetime.date(2008, 10, 19), 'Hamilton', 33.0, datetime.time(7, 0), 'Chinese Grand Prix', 'Shanghai International Circuit'),\n",
       " (datetime.date(2008, 11, 2), 'Massa', 36.0, datetime.time(17, 0), 'Brazilian Grand Prix', 'Autódromo José Carlos Pace'),\n",
       " (datetime.date(2007, 4, 8), 'Hamilton', 33.0, datetime.time(7, 0), 'Malaysian Grand Prix', 'Sepang International Circuit'),\n",
       " (datetime.date(2007, 4, 15), 'Massa', 36.0, datetime.time(11, 30), 'Bahrain Grand Prix', 'Bahrain International Circuit'),\n",
       " (datetime.date(2007, 5, 13), 'Massa', 36.0, datetime.time(12, 0), 'Spanish Grand Prix', 'Circuit de Barcelona-Catalunya'),\n",
       " (datetime.date(2007, 5, 27), 'Alonso', 36.0, datetime.time(12, 0), 'Monaco Grand Prix', 'Circuit de Monaco'),\n",
       " (datetime.date(2007, 6, 10), 'Alonso', 36.0, datetime.time(17, 0), 'Canadian Grand Prix', 'Circuit Gilles Villeneuve'),\n",
       " (datetime.date(2007, 7, 1), 'Massa', 36.0, datetime.time(12, 0), 'French Grand Prix', 'Circuit de Nevers Magny-Cours'),\n",
       " (datetime.date(2007, 7, 22), 'Massa', 36.0, datetime.time(12, 0), 'European Grand Prix', 'Nürburgring'),\n",
       " (datetime.date(2007, 9, 9), 'Alonso', 36.0, datetime.time(12, 0), 'Italian Grand Prix', 'Autodromo Nazionale di Monza'),\n",
       " (datetime.date(2007, 9, 16), 'Massa', 36.0, datetime.time(12, 0), 'Belgian Grand Prix', 'Circuit de Spa-Francorchamps'),\n",
       " (datetime.date(2007, 9, 30), 'Hamilton', 33.0, datetime.time(4, 30), 'Japanese Grand Prix', 'Fuji Speedway'),\n",
       " (datetime.date(2007, 10, 7), 'Massa', 36.0, datetime.time(6, 0), 'Chinese Grand Prix', 'Shanghai International Circuit'),\n",
       " (datetime.date(2006, 3, 12), 'Rosberg', 32.0, datetime.time(14, 30), 'Bahrain Grand Prix', 'Bahrain International Circuit'),\n",
       " (datetime.date(2006, 3, 19), 'Alonso', 36.0, datetime.time(15, 0), 'Malaysian Grand Prix', 'Sepang International Circuit'),\n",
       " (datetime.date(2006, 4, 23), 'Alonso', 36.0, datetime.time(14, 0), 'San Marino Grand Prix', 'Autodromo Enzo e Dino Ferrari'),\n",
       " (datetime.date(2006, 5, 14), 'Massa', 36.0, datetime.time(14, 0), 'Spanish Grand Prix', 'Circuit de Barcelona-Catalunya'),\n",
       " (datetime.date(2006, 6, 11), 'Alonso', 36.0, datetime.time(12, 0), 'British Grand Prix', 'Silverstone Circuit'),\n",
       " (datetime.date(2006, 8, 6), 'Massa', 36.0, datetime.time(14, 0), 'Hungarian Grand Prix', 'Hungaroring'),\n",
       " (datetime.date(2006, 10, 1), 'Alonso', 36.0, datetime.time(14, 0), 'Chinese Grand Prix', 'Shanghai International Circuit'),\n",
       " (datetime.date(2006, 10, 8), 'Alonso', 36.0, datetime.time(14, 0), 'Japanese Grand Prix', 'Suzuka Circuit')]"
      ]
     },
     "execution_count": 65,
     "metadata": {},
     "output_type": "execute_result"
    }
   ],
   "source": [
    "%%sql\n",
    "SELECT races.date as \"Race Date\",\n",
    "drivers.surname as \"Driver's Surname\", \n",
    "date_part('year', age('2018-03-19',dob)) as \"Driver's Age\", \n",
    "races.time as \"Track Time(ms)\", \n",
    "races.name as \"Name\", \n",
    "circuits.name as \"Circuit Name\" \n",
    "FROM results\n",
    "JOIN drivers USING (driverid)\n",
    "JOIN races USING (raceId)\n",
    "JOIN circuits USING (circuitid)\n",
    "WHERE results.rank = 1\n",
    "AND date_part('year', age('2018-03-19',dob)) < 38\n",
    "LIMIT 25;"
   ]
  },
  {
   "cell_type": "markdown",
   "metadata": {},
   "source": [
    "# Describe the query using ``EXPLAIN ANALYZE``"
   ]
  },
  {
   "cell_type": "code",
   "execution_count": 56,
   "metadata": {},
   "outputs": [
    {
     "name": "stdout",
     "output_type": "stream",
     "text": [
      "22 rows affected.\n"
     ]
    },
    {
     "data": {
      "text/html": [
       "<table>\n",
       "    <tr>\n",
       "        <th>QUERY PLAN</th>\n",
       "    </tr>\n",
       "    <tr>\n",
       "        <td>Hash Join  (cost=77.92..792.94 rows=86 width=66) (actual time=0.871..4.711 rows=154 loops=1)</td>\n",
       "    </tr>\n",
       "    <tr>\n",
       "        <td>&nbsp;&nbsp;Hash Cond: (races.circuitid = circuits.circuitid)</td>\n",
       "    </tr>\n",
       "    <tr>\n",
       "        <td>&nbsp;&nbsp;-&gt;  Hash Join  (cost=74.28..787.57 rows=86 width=50) (actual time=0.814..4.539 rows=154 loops=1)</td>\n",
       "    </tr>\n",
       "    <tr>\n",
       "        <td>&nbsp;&nbsp;&nbsp;&nbsp;&nbsp;&nbsp;&nbsp;&nbsp;Hash Cond: (results.raceid = races.raceid)</td>\n",
       "    </tr>\n",
       "    <tr>\n",
       "        <td>&nbsp;&nbsp;&nbsp;&nbsp;&nbsp;&nbsp;&nbsp;&nbsp;-&gt;  Hash Join  (cost=34.32..746.53 rows=86 width=19) (actual time=0.431..4.093 rows=154 loops=1)</td>\n",
       "    </tr>\n",
       "    <tr>\n",
       "        <td>&nbsp;&nbsp;&nbsp;&nbsp;&nbsp;&nbsp;&nbsp;&nbsp;&nbsp;&nbsp;&nbsp;&nbsp;&nbsp;&nbsp;Hash Cond: (results.driverid = drivers.driverid)</td>\n",
       "    </tr>\n",
       "    <tr>\n",
       "        <td>&nbsp;&nbsp;&nbsp;&nbsp;&nbsp;&nbsp;&nbsp;&nbsp;&nbsp;&nbsp;&nbsp;&nbsp;&nbsp;&nbsp;-&gt;  Seq Scan on results  (cost=0.00..708.96 rows=257 width=16) (actual time=0.008..3.612 rows=257 loops=1)</td>\n",
       "    </tr>\n",
       "    <tr>\n",
       "        <td>&nbsp;&nbsp;&nbsp;&nbsp;&nbsp;&nbsp;&nbsp;&nbsp;&nbsp;&nbsp;&nbsp;&nbsp;&nbsp;&nbsp;&nbsp;&nbsp;&nbsp;&nbsp;&nbsp;&nbsp;Filter: (rank = 1)</td>\n",
       "    </tr>\n",
       "    <tr>\n",
       "        <td>&nbsp;&nbsp;&nbsp;&nbsp;&nbsp;&nbsp;&nbsp;&nbsp;&nbsp;&nbsp;&nbsp;&nbsp;&nbsp;&nbsp;&nbsp;&nbsp;&nbsp;&nbsp;&nbsp;&nbsp;Rows Removed by Filter: 23420</td>\n",
       "    </tr>\n",
       "    <tr>\n",
       "        <td>&nbsp;&nbsp;&nbsp;&nbsp;&nbsp;&nbsp;&nbsp;&nbsp;&nbsp;&nbsp;&nbsp;&nbsp;&nbsp;&nbsp;-&gt;  Hash  (cost=30.82..30.82 rows=280 width=19) (actual time=0.410..0.410 rows=60 loops=1)</td>\n",
       "    </tr>\n",
       "    <tr>\n",
       "        <td>&nbsp;&nbsp;&nbsp;&nbsp;&nbsp;&nbsp;&nbsp;&nbsp;&nbsp;&nbsp;&nbsp;&nbsp;&nbsp;&nbsp;&nbsp;&nbsp;&nbsp;&nbsp;&nbsp;&nbsp;Buckets: 1024  Batches: 1  Memory Usage: 12kB</td>\n",
       "    </tr>\n",
       "    <tr>\n",
       "        <td>&nbsp;&nbsp;&nbsp;&nbsp;&nbsp;&nbsp;&nbsp;&nbsp;&nbsp;&nbsp;&nbsp;&nbsp;&nbsp;&nbsp;&nbsp;&nbsp;&nbsp;&nbsp;&nbsp;&nbsp;-&gt;  Seq Scan on drivers  (cost=0.00..30.82 rows=280 width=19) (actual time=0.013..0.398 rows=60 loops=1)</td>\n",
       "    </tr>\n",
       "    <tr>\n",
       "        <td>&nbsp;&nbsp;&nbsp;&nbsp;&nbsp;&nbsp;&nbsp;&nbsp;&nbsp;&nbsp;&nbsp;&nbsp;&nbsp;&nbsp;&nbsp;&nbsp;&nbsp;&nbsp;&nbsp;&nbsp;&nbsp;&nbsp;&nbsp;&nbsp;&nbsp;&nbsp;Filter: (date_part(&#x27;year&#x27;::text, age(&#x27;2018-03-19 00:00:00+00&#x27;::timestamp with time zone, (dob)::timestamp with time zone)) &lt; &#x27;38&#x27;::double precision)</td>\n",
       "    </tr>\n",
       "    <tr>\n",
       "        <td>&nbsp;&nbsp;&nbsp;&nbsp;&nbsp;&nbsp;&nbsp;&nbsp;&nbsp;&nbsp;&nbsp;&nbsp;&nbsp;&nbsp;&nbsp;&nbsp;&nbsp;&nbsp;&nbsp;&nbsp;&nbsp;&nbsp;&nbsp;&nbsp;&nbsp;&nbsp;Rows Removed by Filter: 781</td>\n",
       "    </tr>\n",
       "    <tr>\n",
       "        <td>&nbsp;&nbsp;&nbsp;&nbsp;&nbsp;&nbsp;&nbsp;&nbsp;-&gt;  Hash  (cost=27.76..27.76 rows=976 width=47) (actual time=0.374..0.374 rows=976 loops=1)</td>\n",
       "    </tr>\n",
       "    <tr>\n",
       "        <td>&nbsp;&nbsp;&nbsp;&nbsp;&nbsp;&nbsp;&nbsp;&nbsp;&nbsp;&nbsp;&nbsp;&nbsp;&nbsp;&nbsp;Buckets: 1024  Batches: 1  Memory Usage: 83kB</td>\n",
       "    </tr>\n",
       "    <tr>\n",
       "        <td>&nbsp;&nbsp;&nbsp;&nbsp;&nbsp;&nbsp;&nbsp;&nbsp;&nbsp;&nbsp;&nbsp;&nbsp;&nbsp;&nbsp;-&gt;  Seq Scan on races  (cost=0.00..27.76 rows=976 width=47) (actual time=0.006..0.205 rows=976 loops=1)</td>\n",
       "    </tr>\n",
       "    <tr>\n",
       "        <td>&nbsp;&nbsp;-&gt;  Hash  (cost=2.73..2.73 rows=73 width=28) (actual time=0.045..0.045 rows=73 loops=1)</td>\n",
       "    </tr>\n",
       "    <tr>\n",
       "        <td>&nbsp;&nbsp;&nbsp;&nbsp;&nbsp;&nbsp;&nbsp;&nbsp;Buckets: 1024  Batches: 1  Memory Usage: 13kB</td>\n",
       "    </tr>\n",
       "    <tr>\n",
       "        <td>&nbsp;&nbsp;&nbsp;&nbsp;&nbsp;&nbsp;&nbsp;&nbsp;-&gt;  Seq Scan on circuits  (cost=0.00..2.73 rows=73 width=28) (actual time=0.010..0.023 rows=73 loops=1)</td>\n",
       "    </tr>\n",
       "    <tr>\n",
       "        <td>Planning time: 0.406 ms</td>\n",
       "    </tr>\n",
       "    <tr>\n",
       "        <td>Execution time: 4.794 ms</td>\n",
       "    </tr>\n",
       "</table>"
      ],
      "text/plain": [
       "[('Hash Join  (cost=77.92..792.94 rows=86 width=66) (actual time=0.871..4.711 rows=154 loops=1)',),\n",
       " ('  Hash Cond: (races.circuitid = circuits.circuitid)',),\n",
       " ('  ->  Hash Join  (cost=74.28..787.57 rows=86 width=50) (actual time=0.814..4.539 rows=154 loops=1)',),\n",
       " ('        Hash Cond: (results.raceid = races.raceid)',),\n",
       " ('        ->  Hash Join  (cost=34.32..746.53 rows=86 width=19) (actual time=0.431..4.093 rows=154 loops=1)',),\n",
       " ('              Hash Cond: (results.driverid = drivers.driverid)',),\n",
       " ('              ->  Seq Scan on results  (cost=0.00..708.96 rows=257 width=16) (actual time=0.008..3.612 rows=257 loops=1)',),\n",
       " ('                    Filter: (rank = 1)',),\n",
       " ('                    Rows Removed by Filter: 23420',),\n",
       " ('              ->  Hash  (cost=30.82..30.82 rows=280 width=19) (actual time=0.410..0.410 rows=60 loops=1)',),\n",
       " ('                    Buckets: 1024  Batches: 1  Memory Usage: 12kB',),\n",
       " ('                    ->  Seq Scan on drivers  (cost=0.00..30.82 rows=280 width=19) (actual time=0.013..0.398 rows=60 loops=1)',),\n",
       " (\"                          Filter: (date_part('year'::text, age('2018-03-19 00:00:00+00'::timestamp with time zone, (dob)::timestamp with time zone)) < '38'::double precision)\",),\n",
       " ('                          Rows Removed by Filter: 781',),\n",
       " ('        ->  Hash  (cost=27.76..27.76 rows=976 width=47) (actual time=0.374..0.374 rows=976 loops=1)',),\n",
       " ('              Buckets: 1024  Batches: 1  Memory Usage: 83kB',),\n",
       " ('              ->  Seq Scan on races  (cost=0.00..27.76 rows=976 width=47) (actual time=0.006..0.205 rows=976 loops=1)',),\n",
       " ('  ->  Hash  (cost=2.73..2.73 rows=73 width=28) (actual time=0.045..0.045 rows=73 loops=1)',),\n",
       " ('        Buckets: 1024  Batches: 1  Memory Usage: 13kB',),\n",
       " ('        ->  Seq Scan on circuits  (cost=0.00..2.73 rows=73 width=28) (actual time=0.010..0.023 rows=73 loops=1)',),\n",
       " ('Planning time: 0.406 ms',),\n",
       " ('Execution time: 4.794 ms',)]"
      ]
     },
     "execution_count": 56,
     "metadata": {},
     "output_type": "execute_result"
    }
   ],
   "source": [
    "%%sql EXPLAIN ANALYZE\n",
    "SELECT races.date as \"Race Date\", \n",
    "drivers.surname as \"Driver's Surname\", \n",
    "date_part('year', age('2018-03-19',dob)) as \"Driver's Age\", \n",
    "races.time as \"Track Time(ms)\", \n",
    "races.name as \"Name\", circuits.name as \"Circuit Name\" \n",
    "FROM results\n",
    "JOIN drivers USING (driverid)\n",
    "JOIN races USING (raceId)\n",
    "JOIN circuits USING (circuitid)\n",
    "WHERE results.rank = 1\n",
    "AND date_part('year', age('2018-03-19',dob)) < 38;"
   ]
  },
  {
   "cell_type": "markdown",
   "metadata": {},
   "source": [
    "\n",
    "EXPLAIN ANALYZE gives us detailed information about the query plan. It displays the actions executed with the arrows pointing to the information of the action \"->\". The information display is the actual time, rows and the loops it went through. The actions also include the number of Buckets, Batches and memory being used.\n",
    "\n",
    "    How many calls are you making?\n",
    "    There are 10 actions taken on this query.\n",
    "\n",
    "    How long does it take to perform the query?\n",
    "    It took 5.428 ms to perform the query.\n",
    "\n"
   ]
  },
  {
   "cell_type": "markdown",
   "metadata": {},
   "source": [
    "# Create a materialized view of your query."
   ]
  },
  {
   "cell_type": "code",
   "execution_count": 60,
   "metadata": {},
   "outputs": [
    {
     "name": "stdout",
     "output_type": "stream",
     "text": [
      "(psycopg2.ProgrammingError) relation \"winners\" already exists\n",
      " [SQL: 'CREATE VIEW winners AS\\nSELECT races.date as \"Race Date\", \\ndrivers.surname as \"Driver\\'s Surname\", \\ndate_part(\\'year\\', age(\\'2018-03-19\\',dob)) as \"Driver\\'s Age\", \\nraces.time as \"Track Time(ms)\", \\nraces.name as \"Name\", \\ncircuits.name as \"Circuit Name\" \\nFROM results\\nJOIN drivers USING (driverid)\\nJOIN races USING (raceId)\\nJOIN circuits USING (circuitid)\\nWHERE results.rank = 1\\nAND date_part(\\'year\\', age(\\'2018-03-19\\',dob)) < 38;']\n"
     ]
    }
   ],
   "source": [
    "%%sql CREATE VIEW winners AS\n",
    "SELECT races.date as \"Race Date\", \n",
    "drivers.surname as \"Driver's Surname\", \n",
    "date_part('year', age('2018-03-19',dob)) as \"Driver's Age\", \n",
    "races.time as \"Track Time(ms)\", \n",
    "races.name as \"Name\", \n",
    "circuits.name as \"Circuit Name\" \n",
    "FROM results\n",
    "JOIN drivers USING (driverid)\n",
    "JOIN races USING (raceId)\n",
    "JOIN circuits USING (circuitid)\n",
    "WHERE results.rank = 1\n",
    "AND date_part('year', age('2018-03-19',dob)) < 38;"
   ]
  },
  {
   "cell_type": "code",
   "execution_count": 61,
   "metadata": {},
   "outputs": [
    {
     "name": "stdout",
     "output_type": "stream",
     "text": [
      "22 rows affected.\n"
     ]
    },
    {
     "data": {
      "text/html": [
       "<table>\n",
       "    <tr>\n",
       "        <th>QUERY PLAN</th>\n",
       "    </tr>\n",
       "    <tr>\n",
       "        <td>Hash Join  (cost=77.92..792.94 rows=86 width=66) (actual time=1.090..5.808 rows=154 loops=1)</td>\n",
       "    </tr>\n",
       "    <tr>\n",
       "        <td>&nbsp;&nbsp;Hash Cond: (races.circuitid = circuits.circuitid)</td>\n",
       "    </tr>\n",
       "    <tr>\n",
       "        <td>&nbsp;&nbsp;-&gt;  Hash Join  (cost=74.28..787.57 rows=86 width=50) (actual time=1.041..5.653 rows=154 loops=1)</td>\n",
       "    </tr>\n",
       "    <tr>\n",
       "        <td>&nbsp;&nbsp;&nbsp;&nbsp;&nbsp;&nbsp;&nbsp;&nbsp;Hash Cond: (results.raceid = races.raceid)</td>\n",
       "    </tr>\n",
       "    <tr>\n",
       "        <td>&nbsp;&nbsp;&nbsp;&nbsp;&nbsp;&nbsp;&nbsp;&nbsp;-&gt;  Hash Join  (cost=34.32..746.53 rows=86 width=19) (actual time=0.567..5.130 rows=154 loops=1)</td>\n",
       "    </tr>\n",
       "    <tr>\n",
       "        <td>&nbsp;&nbsp;&nbsp;&nbsp;&nbsp;&nbsp;&nbsp;&nbsp;&nbsp;&nbsp;&nbsp;&nbsp;&nbsp;&nbsp;Hash Cond: (results.driverid = drivers.driverid)</td>\n",
       "    </tr>\n",
       "    <tr>\n",
       "        <td>&nbsp;&nbsp;&nbsp;&nbsp;&nbsp;&nbsp;&nbsp;&nbsp;&nbsp;&nbsp;&nbsp;&nbsp;&nbsp;&nbsp;-&gt;  Seq Scan on results  (cost=0.00..708.96 rows=257 width=16) (actual time=0.009..4.500 rows=257 loops=1)</td>\n",
       "    </tr>\n",
       "    <tr>\n",
       "        <td>&nbsp;&nbsp;&nbsp;&nbsp;&nbsp;&nbsp;&nbsp;&nbsp;&nbsp;&nbsp;&nbsp;&nbsp;&nbsp;&nbsp;&nbsp;&nbsp;&nbsp;&nbsp;&nbsp;&nbsp;Filter: (rank = 1)</td>\n",
       "    </tr>\n",
       "    <tr>\n",
       "        <td>&nbsp;&nbsp;&nbsp;&nbsp;&nbsp;&nbsp;&nbsp;&nbsp;&nbsp;&nbsp;&nbsp;&nbsp;&nbsp;&nbsp;&nbsp;&nbsp;&nbsp;&nbsp;&nbsp;&nbsp;Rows Removed by Filter: 23420</td>\n",
       "    </tr>\n",
       "    <tr>\n",
       "        <td>&nbsp;&nbsp;&nbsp;&nbsp;&nbsp;&nbsp;&nbsp;&nbsp;&nbsp;&nbsp;&nbsp;&nbsp;&nbsp;&nbsp;-&gt;  Hash  (cost=30.82..30.82 rows=280 width=19) (actual time=0.549..0.549 rows=60 loops=1)</td>\n",
       "    </tr>\n",
       "    <tr>\n",
       "        <td>&nbsp;&nbsp;&nbsp;&nbsp;&nbsp;&nbsp;&nbsp;&nbsp;&nbsp;&nbsp;&nbsp;&nbsp;&nbsp;&nbsp;&nbsp;&nbsp;&nbsp;&nbsp;&nbsp;&nbsp;Buckets: 1024  Batches: 1  Memory Usage: 12kB</td>\n",
       "    </tr>\n",
       "    <tr>\n",
       "        <td>&nbsp;&nbsp;&nbsp;&nbsp;&nbsp;&nbsp;&nbsp;&nbsp;&nbsp;&nbsp;&nbsp;&nbsp;&nbsp;&nbsp;&nbsp;&nbsp;&nbsp;&nbsp;&nbsp;&nbsp;-&gt;  Seq Scan on drivers  (cost=0.00..30.82 rows=280 width=19) (actual time=0.012..0.532 rows=60 loops=1)</td>\n",
       "    </tr>\n",
       "    <tr>\n",
       "        <td>&nbsp;&nbsp;&nbsp;&nbsp;&nbsp;&nbsp;&nbsp;&nbsp;&nbsp;&nbsp;&nbsp;&nbsp;&nbsp;&nbsp;&nbsp;&nbsp;&nbsp;&nbsp;&nbsp;&nbsp;&nbsp;&nbsp;&nbsp;&nbsp;&nbsp;&nbsp;Filter: (date_part(&#x27;year&#x27;::text, age(&#x27;2018-03-19 00:00:00+00&#x27;::timestamp with time zone, (dob)::timestamp with time zone)) &lt; &#x27;38&#x27;::double precision)</td>\n",
       "    </tr>\n",
       "    <tr>\n",
       "        <td>&nbsp;&nbsp;&nbsp;&nbsp;&nbsp;&nbsp;&nbsp;&nbsp;&nbsp;&nbsp;&nbsp;&nbsp;&nbsp;&nbsp;&nbsp;&nbsp;&nbsp;&nbsp;&nbsp;&nbsp;&nbsp;&nbsp;&nbsp;&nbsp;&nbsp;&nbsp;Rows Removed by Filter: 781</td>\n",
       "    </tr>\n",
       "    <tr>\n",
       "        <td>&nbsp;&nbsp;&nbsp;&nbsp;&nbsp;&nbsp;&nbsp;&nbsp;-&gt;  Hash  (cost=27.76..27.76 rows=976 width=47) (actual time=0.469..0.469 rows=976 loops=1)</td>\n",
       "    </tr>\n",
       "    <tr>\n",
       "        <td>&nbsp;&nbsp;&nbsp;&nbsp;&nbsp;&nbsp;&nbsp;&nbsp;&nbsp;&nbsp;&nbsp;&nbsp;&nbsp;&nbsp;Buckets: 1024  Batches: 1  Memory Usage: 83kB</td>\n",
       "    </tr>\n",
       "    <tr>\n",
       "        <td>&nbsp;&nbsp;&nbsp;&nbsp;&nbsp;&nbsp;&nbsp;&nbsp;&nbsp;&nbsp;&nbsp;&nbsp;&nbsp;&nbsp;-&gt;  Seq Scan on races  (cost=0.00..27.76 rows=976 width=47) (actual time=0.005..0.247 rows=976 loops=1)</td>\n",
       "    </tr>\n",
       "    <tr>\n",
       "        <td>&nbsp;&nbsp;-&gt;  Hash  (cost=2.73..2.73 rows=73 width=28) (actual time=0.040..0.040 rows=73 loops=1)</td>\n",
       "    </tr>\n",
       "    <tr>\n",
       "        <td>&nbsp;&nbsp;&nbsp;&nbsp;&nbsp;&nbsp;&nbsp;&nbsp;Buckets: 1024  Batches: 1  Memory Usage: 13kB</td>\n",
       "    </tr>\n",
       "    <tr>\n",
       "        <td>&nbsp;&nbsp;&nbsp;&nbsp;&nbsp;&nbsp;&nbsp;&nbsp;-&gt;  Seq Scan on circuits  (cost=0.00..2.73 rows=73 width=28) (actual time=0.010..0.023 rows=73 loops=1)</td>\n",
       "    </tr>\n",
       "    <tr>\n",
       "        <td>Planning time: 0.515 ms</td>\n",
       "    </tr>\n",
       "    <tr>\n",
       "        <td>Execution time: 5.870 ms</td>\n",
       "    </tr>\n",
       "</table>"
      ],
      "text/plain": [
       "[('Hash Join  (cost=77.92..792.94 rows=86 width=66) (actual time=1.090..5.808 rows=154 loops=1)',),\n",
       " ('  Hash Cond: (races.circuitid = circuits.circuitid)',),\n",
       " ('  ->  Hash Join  (cost=74.28..787.57 rows=86 width=50) (actual time=1.041..5.653 rows=154 loops=1)',),\n",
       " ('        Hash Cond: (results.raceid = races.raceid)',),\n",
       " ('        ->  Hash Join  (cost=34.32..746.53 rows=86 width=19) (actual time=0.567..5.130 rows=154 loops=1)',),\n",
       " ('              Hash Cond: (results.driverid = drivers.driverid)',),\n",
       " ('              ->  Seq Scan on results  (cost=0.00..708.96 rows=257 width=16) (actual time=0.009..4.500 rows=257 loops=1)',),\n",
       " ('                    Filter: (rank = 1)',),\n",
       " ('                    Rows Removed by Filter: 23420',),\n",
       " ('              ->  Hash  (cost=30.82..30.82 rows=280 width=19) (actual time=0.549..0.549 rows=60 loops=1)',),\n",
       " ('                    Buckets: 1024  Batches: 1  Memory Usage: 12kB',),\n",
       " ('                    ->  Seq Scan on drivers  (cost=0.00..30.82 rows=280 width=19) (actual time=0.012..0.532 rows=60 loops=1)',),\n",
       " (\"                          Filter: (date_part('year'::text, age('2018-03-19 00:00:00+00'::timestamp with time zone, (dob)::timestamp with time zone)) < '38'::double precision)\",),\n",
       " ('                          Rows Removed by Filter: 781',),\n",
       " ('        ->  Hash  (cost=27.76..27.76 rows=976 width=47) (actual time=0.469..0.469 rows=976 loops=1)',),\n",
       " ('              Buckets: 1024  Batches: 1  Memory Usage: 83kB',),\n",
       " ('              ->  Seq Scan on races  (cost=0.00..27.76 rows=976 width=47) (actual time=0.005..0.247 rows=976 loops=1)',),\n",
       " ('  ->  Hash  (cost=2.73..2.73 rows=73 width=28) (actual time=0.040..0.040 rows=73 loops=1)',),\n",
       " ('        Buckets: 1024  Batches: 1  Memory Usage: 13kB',),\n",
       " ('        ->  Seq Scan on circuits  (cost=0.00..2.73 rows=73 width=28) (actual time=0.010..0.023 rows=73 loops=1)',),\n",
       " ('Planning time: 0.515 ms',),\n",
       " ('Execution time: 5.870 ms',)]"
      ]
     },
     "execution_count": 61,
     "metadata": {},
     "output_type": "execute_result"
    }
   ],
   "source": [
    "%sql EXPLAIN ANALYZE SELECT * FROM winners;"
   ]
  },
  {
   "cell_type": "code",
   "execution_count": 62,
   "metadata": {},
   "outputs": [
    {
     "name": "stdout",
     "output_type": "stream",
     "text": [
      "154 rows affected.\n"
     ]
    },
    {
     "data": {
      "text/plain": [
       "[]"
      ]
     },
     "execution_count": 62,
     "metadata": {},
     "output_type": "execute_result"
    }
   ],
   "source": [
    "%sql CREATE MATERIALIZED VIEW winners_cache AS SELECT * FROM winners;"
   ]
  },
  {
   "cell_type": "code",
   "execution_count": 63,
   "metadata": {},
   "outputs": [
    {
     "name": "stdout",
     "output_type": "stream",
     "text": [
      "3 rows affected.\n"
     ]
    },
    {
     "data": {
      "text/html": [
       "<table>\n",
       "    <tr>\n",
       "        <th>QUERY PLAN</th>\n",
       "    </tr>\n",
       "    <tr>\n",
       "        <td>Seq Scan on winners_cache  (cost=0.00..10.50 rows=50 width=1568) (actual time=0.010..0.028 rows=154 loops=1)</td>\n",
       "    </tr>\n",
       "    <tr>\n",
       "        <td>Planning time: 0.121 ms</td>\n",
       "    </tr>\n",
       "    <tr>\n",
       "        <td>Execution time: 0.047 ms</td>\n",
       "    </tr>\n",
       "</table>"
      ],
      "text/plain": [
       "[('Seq Scan on winners_cache  (cost=0.00..10.50 rows=50 width=1568) (actual time=0.010..0.028 rows=154 loops=1)',),\n",
       " ('Planning time: 0.121 ms',),\n",
       " ('Execution time: 0.047 ms',)]"
      ]
     },
     "execution_count": 63,
     "metadata": {},
     "output_type": "execute_result"
    }
   ],
   "source": [
    "%sql EXPLAIN ANALYZE SELECT * FROM winners_cache;"
   ]
  },
  {
   "cell_type": "markdown",
   "metadata": {},
   "source": [
    "A materialized view is a database object that contains the results of a query. For example, it may be a local copy of data located remotely, or may be a subset of the rows and/or columns of a table or join result, or may be a summary using an aggregate function. Basically, it is a snapshot (which was the actual name in prior releases) which replicates data. The data can not be update following that the execution time is reduced exponentially. The basic use of this would be with databases that are used generally for reading instead of writing."
   ]
  }
 ],
 "metadata": {
  "kernelspec": {
   "display_name": "Python 3",
   "language": "python",
   "name": "python3"
  },
  "language_info": {
   "codemirror_mode": {
    "name": "ipython",
    "version": 3
   },
   "file_extension": ".py",
   "mimetype": "text/x-python",
   "name": "python",
   "nbconvert_exporter": "python",
   "pygments_lexer": "ipython3",
   "version": "3.6.3"
  }
 },
 "nbformat": 4,
 "nbformat_minor": 2
}
